<?xml version="1.0" encoding="UTF-8"?>
<testng-results ignored="0" total="1" passed="1" failed="0" skipped="0">
  <reporter-output>
  </reporter-output>
  <suite started-at="2025-09-28T01:31:07 IST" name="Default suite" finished-at="2025-09-28T01:31:08 IST" duration-ms="1024">
    <groups>
    </groups>
    <test started-at="2025-09-28T01:31:07 IST" name="Default test" finished-at="2025-09-28T01:31:08 IST" duration-ms="1024">
      <class name="createPostRequest.postReq">
        <test-method signature="createReq()[pri:0, instance:createPostRequest.postReq@7722c3c3]" started-at="2025-09-28T01:31:07 IST" name="createReq" finished-at="2025-09-28T01:31:08 IST" duration-ms="1005" status="PASS">
          <reporter-output>
          </reporter-output>
        </test-method> <!-- createReq -->
      </class> <!-- createPostRequest.postReq -->
    </test> <!-- Default test -->
  </suite> <!-- Default suite -->
</testng-results>
