<?xml version="1.0" encoding="UTF-8"?>
<!-- Generated by org.testng.reporters.JUnitXMLReporter -->
<testsuite ignored="1" hostname="LAP-0337" failures="0" tests="2" name="Default test" time="0.036" errors="0" timestamp="2025-09-26T19:14:12 IST">
  <testcase classname="linstener.testNgDay1" name="login" time="0.007"/>
  <testcase classname="linstener.testNgDay1" name="homePage" time="0.001"/>
  <testcase classname="linstener.testNgDay1" name="Logout" time="0.0">
    <ignored/>
  </testcase> <!-- Logout -->
</testsuite> <!-- Default test -->
